2025-10-06 03:21:35,213 | INFO | [QG START] ECSS Active Standards | https://ecss.nl/standards
2025-10-06 03:21:46,265 | INFO | [QG START] IPC News | https://www.ipc.org/news
2025-10-06 03:22:01,619 | INFO | [QG START] PCB007 | https://iconnect007.com/page/pcb007/12
2025-10-06 03:22:17,463 | INFO | [QG START] SMT007 | https://iconnect007.com/page/smt007/11
2025-10-06 03:22:24,226 | INFO | [QG START] NIST News | https://www.nist.gov/standards
2025-10-06 03:22:25,366 | INFO | UPsert: 신규 추가(ID=14094efac8e2224ee00d6096f27419d3)
2025-10-06 03:22:25,381 | INFO | UPsert: 신규 추가(ID=8c2ff2ded0473541e115d0f92793363a)
2025-10-06 03:22:25,393 | INFO | UPsert: 신규 추가(ID=7077c29db72f9450d5da0e513e2338cd)
2025-10-06 03:22:25,408 | INFO | UPsert: 신규 추가(ID=9009ec2273bd714745c044f5bf76cce2)
2025-10-06 03:22:25,421 | INFO | UPsert: 신규 추가(ID=35c0f60898eb31dee3c758cc8584454b)
2025-10-06 03:52:22,794 | INFO | [QG START] ECSS Active Standards | https://ecss.nl/standards
2025-10-06 03:52:29,950 | INFO | [QG START] IPC News | https://www.ipc.org/news
2025-10-06 03:52:46,842 | INFO | [QG START] PCB007 | https://iconnect007.com/page/pcb007/12
2025-10-06 03:53:02,457 | INFO | [QG START] SMT007 | https://iconnect007.com/page/smt007/11
2025-10-06 03:53:11,484 | INFO | [QG START] NIST News | https://www.nist.gov/standards
2025-10-06 03:53:12,406 | INFO | UPsert: 신규 추가(ID=14094efac8e2224ee00d6096f27419d3)
2025-10-06 03:53:12,417 | INFO | UPsert: 신규 추가(ID=8c2ff2ded0473541e115d0f92793363a)
2025-10-06 03:53:12,428 | INFO | UPsert: 신규 추가(ID=7077c29db72f9450d5da0e513e2338cd)
2025-10-06 03:53:12,440 | INFO | UPsert: 신규 추가(ID=9009ec2273bd714745c044f5bf76cce2)
2025-10-06 03:53:12,452 | INFO | UPsert: 신규 추가(ID=35c0f60898eb31dee3c758cc8584454b)
2025-10-06 04:23:45,873 | INFO | [QG START] ECSS Active Standards | https://ecss.nl/standards
2025-10-06 04:23:59,345 | INFO | [QG START] IPC News | https://www.ipc.org/news
2025-10-06 04:24:13,292 | INFO | [QG START] PCB007 | https://iconnect007.com/page/pcb007/12
2025-10-06 04:24:28,808 | INFO | [QG START] SMT007 | https://iconnect007.com/page/smt007/11
2025-10-06 04:24:35,860 | INFO | [QG START] NIST News | https://www.nist.gov/standards
2025-10-06 04:24:36,961 | INFO | UPsert: 신규 추가(ID=14094efac8e2224ee00d6096f27419d3)
2025-10-06 04:24:36,963 | INFO | UPsert: 신규 추가(ID=8c2ff2ded0473541e115d0f92793363a)
2025-10-06 04:24:36,965 | INFO | UPsert: 신규 추가(ID=7077c29db72f9450d5da0e513e2338cd)
2025-10-06 04:24:36,967 | INFO | UPsert: 신규 추가(ID=9009ec2273bd714745c044f5bf76cce2)
2025-10-06 04:24:36,970 | INFO | UPsert: 신규 추가(ID=35c0f60898eb31dee3c758cc8584454b)
